e:\qgitproject\git-demo-1\remotecontorl\remoteclient\debug\remoteclient.pch
e:\qgitproject\git-demo-1\remotecontorl\remoteclient\debug\vc142_tmp2.pdb
e:\qgitproject\git-demo-1\remotecontorl\remoteclient\debug\vc142_tmp2.idb
e:\qgitproject\git-demo-1\remotecontorl\remoteclient\debug\pch.obj
e:\qgitproject\git-demo-1\remotecontorl\remoteclient\debug\statusdlg.obj
e:\qgitproject\git-demo-1\remotecontorl\remoteclient\debug\remoteclientdlg.obj
e:\qgitproject\git-demo-1\remotecontorl\remoteclient\debug\remoteclient.obj
e:\qgitproject\git-demo-1\remotecontorl\remoteclient\debug\cwatchdialog.obj
e:\qgitproject\git-demo-1\remotecontorl\remoteclient\debug\clientsocket.obj
e:\qgitproject\git-demo-1\remotecontorl\remoteclient\debug\clientcontroller.obj
e:\qgitproject\git-demo-1\remotecontorl\debug\remoteclient.exe
e:\qgitproject\git-demo-1\remotecontorl\remoteclient\debug\remoteclient.ilk
e:\qgitproject\git-demo-1\remotecontorl\debug\remoteclient.pdb
e:\qgitproject\git-demo-1\remotecontorl\remoteclient\debug\remoteclient.res
e:\qgitproject\git-demo-1\remotecontorl\remoteclient\debug\remoteclient.tlog\cl.command.1.tlog
e:\qgitproject\git-demo-1\remotecontorl\remoteclient\debug\remoteclient.tlog\cl.read.1.tlog
e:\qgitproject\git-demo-1\remotecontorl\remoteclient\debug\remoteclient.tlog\cl.write.1.tlog
e:\qgitproject\git-demo-1\remotecontorl\remoteclient\debug\remoteclient.tlog\link.command.1.tlog
e:\qgitproject\git-demo-1\remotecontorl\remoteclient\debug\remoteclient.tlog\link.read.1.tlog
e:\qgitproject\git-demo-1\remotecontorl\remoteclient\debug\remoteclient.tlog\link.write.1.tlog
e:\qgitproject\git-demo-1\remotecontorl\remoteclient\debug\remoteclient.tlog\rc.command.1.tlog
e:\qgitproject\git-demo-1\remotecontorl\remoteclient\debug\remoteclient.tlog\rc.read.1.tlog
e:\qgitproject\git-demo-1\remotecontorl\remoteclient\debug\remoteclient.tlog\rc.write.1.tlog
