e:\qgitproject\git-demo-1\remotecontorl\remotecontorl\debug\remotecontorl.pch
e:\qgitproject\git-demo-1\remotecontorl\remotecontorl\debug\vc142.pdb
e:\qgitproject\git-demo-1\remotecontorl\remotecontorl\debug\vc142.idb
e:\qgitproject\git-demo-1\remotecontorl\remotecontorl\debug\pch.obj
e:\qgitproject\git-demo-1\remotecontorl\remotecontorl\debug\serversocket.obj
e:\qgitproject\git-demo-1\remotecontorl\remotecontorl\debug\remotecontorl.obj
e:\qgitproject\git-demo-1\remotecontorl\debug\remotecontorl.exe
e:\qgitproject\git-demo-1\remotecontorl\remotecontorl\debug\remotecontorl.ilk
e:\qgitproject\git-demo-1\remotecontorl\debug\remotecontorl.pdb
e:\qgitproject\git-demo-1\remotecontorl\remotecontorl\debug\remotecontorl.res
e:\qgitproject\git-demo-1\remotecontorl\remotecontorl\debug\remotecontorl.obj.enc
e:\qgitproject\git-demo-1\remotecontorl\remotecontorl\debug\remotecontorl.tlog\cl.command.1.tlog
e:\qgitproject\git-demo-1\remotecontorl\remotecontorl\debug\remotecontorl.tlog\cl.read.1.tlog
e:\qgitproject\git-demo-1\remotecontorl\remotecontorl\debug\remotecontorl.tlog\cl.write.1.tlog
e:\qgitproject\git-demo-1\remotecontorl\remotecontorl\debug\remotecontorl.tlog\link.command.1.tlog
e:\qgitproject\git-demo-1\remotecontorl\remotecontorl\debug\remotecontorl.tlog\link.read.1.tlog
e:\qgitproject\git-demo-1\remotecontorl\remotecontorl\debug\remotecontorl.tlog\link.write.1.tlog
e:\qgitproject\git-demo-1\remotecontorl\remotecontorl\debug\remotecontorl.tlog\rc.command.1.tlog
e:\qgitproject\git-demo-1\remotecontorl\remotecontorl\debug\remotecontorl.tlog\rc.read.1.tlog
e:\qgitproject\git-demo-1\remotecontorl\remotecontorl\debug\remotecontorl.tlog\rc.write.1.tlog
